#
# There is insufficient memory for the Java Runtime Environment to continue.
# Native memory allocation (malloc) failed to allocate 1048576 bytes for AllocateHeap
# Possible reasons:
#   The system is out of physical RAM or swap space
#   The process is running with CompressedOops enabled, and the Java Heap may be blocking the growth of the native heap
# Possible solutions:
#   Reduce memory load on the system
#   Increase physical memory or swap space
#   Check if swap backing store is full
#   Decrease Java heap size (-Xmx/-Xms)
#   Decrease number of Java threads
#   Decrease Java thread stack sizes (-Xss)
#   Set larger code cache with -XX:ReservedCodeCacheSize=
#   JVM is running with Unscaled Compressed Oops mode in which the Java heap is
#     placed in the first 4GB address space. The Java Heap base address is the
#     maximum limit for the native heap growth. Please use -XX:HeapBaseMinAddress
#     to set the Java Heap base and to place the Java Heap above 4GB virtual address.
# This output file may be truncated or incomplete.
#
#  Out of Memory Error (allocation.cpp:44), pid=11364, tid=8948
#
# JRE version:  (18.0.1.1+2) (build )
# Java VM: Java HotSpot(TM) 64-Bit Server VM (18.0.1.1+2-6, mixed mode, sharing, tiered, compressed oops, compressed class ptrs, g1 gc, windows-amd64)
# No core dump will be written. Minidumps are not enabled by default on client versions of Windows
#

---------------  S U M M A R Y ------------

Command Line: -Xmx64m -Xms64m -Dorg.gradle.appname=gradlew org.gradle.wrapper.GradleWrapperMain app:installDebug -PreactNativeDevServerPort=8081

Host: Intel(R) Core(TM) i5-6300U CPU @ 2.40GHz, 4 cores, 7G,  Windows 10 , 64 bit Build 19041 (10.0.19041.1741)
Time: Fri Jul 15 23:27:21 2022 RTZ 2 (s 10 , 64 bit Build 19041 (10.0.19041.1741) elapsed time: 0.541230 seconds (0d 0h 0m 0s)

---------------  T H R E A D  ---------------

Current thread (0x0000024c88e549d0):  JavaThread "Unknown thread" [_thread_in_vm, id=8948, stack(0x000000baffa00000,0x000000baffb00000)]

Stack: [0x000000baffa00000,0x000000baffb00000]
Native frames: (J=compiled Java code, j=interpreted, Vv=VM code, C=native code)
V  [jvm.dll+0x69887a]
V  [jvm.dll+0x7f38bd]
V  [jvm.dll+0x7f51ce]
V  [jvm.dll+0x7f5883]
V  [jvm.dll+0x25ca3f]
V  [jvm.dll+0xb31af]
V  [jvm.dll+0x2f7929]
V  [jvm.dll+0x7c24bb]
V  [jvm.dll+0x38b801]
V  [jvm.dll+0x7a1203]
V  [jvm.dll+0x40d6bf]
V  [jvm.dll+0x40f091]
C  [jli.dll+0x526b]
C  [ucrtbase.dll+0x21bb2]
C  [KERNEL32.DLL+0x17034]
C  [ntdll.dll+0x52651]


---------------  P R O C E S S  ---------------

Threads class SMR info:
_java_thread_list=0x00007ffb801ad550, length=0, elements={
}

Java Threads: ( => current thread )

Other Threads:

=>0x0000024c88e549d0 (exited) JavaThread "Unknown thread" [_thread_in_vm, id=8948, stack(0x000000baffa00000,0x000000baffb00000)]

Threads with active compile tasks:

VM state: not at safepoint (not fully initialized)

VM Mutex/Monitor currently owned by a thread: None

Heap address: 0x0000000000000000, size: 0 MB, Compressed Oops mode: 32-bit

CDS archive(s) mapped at: [0x0000000000000000-0x0000000000000000-0x0000000000000000), size 0, SharedBaseAddress: 0x0000000800000000, ArchiveRelocationMode: 0.
Narrow klass base: 0x0000000000000000, Narrow klass shift: 0, Narrow klass range: 0x0

GC Precious Log:
 CardTable entry size: 512
 Card Set container configuration: InlinePtr #cards 5 size 8 Array Of Cards #cards 12 size 40 Howl #buckets 4 coarsen threshold 1843 Howl Bitmap #cards 512 size 80 coarsen threshold 460 Card regions per heap region 1 cards per card region 2048

GC Heap History (0 events):
No events

Deoptimization events (0 events):
No events

Classes loaded (0 events):
No events

Classes unloaded (0 events):
No events

Classes redefined (0 events):
No events

Internal exceptions (0 events):
No events

VM Operations (0 events):
No events

Events (1 events):
Event: 0.070 Loaded shared library C:\Program Files\Java\jdk-18.0.1.1\bin\java.dll


Dynamic libraries:
0x00007ff7080e0000 - 0x00007ff7080f0000 	C:\Program Files\Java\jdk-18.0.1.1\bin\java.exe
0x00007ffbec570000 - 0x00007ffbec767000 	C:\WINDOWS\SYSTEM32\ntdll.dll
0x00007ffbeb750000 - 0x00007ffbeb80d000 	C:\WINDOWS\System32\KERNEL32.DLL
0x00007ffbea020000 - 0x00007ffbea2ed000 	C:\WINDOWS\System32\KERNELBASE.dll
0x00007ffbea4d0000 - 0x00007ffbea5d0000 	C:\WINDOWS\System32\ucrtbase.dll
0x00007ffbc9f70000 - 0x00007ffbc9f88000 	C:\Program Files\Java\jdk-18.0.1.1\bin\jli.dll
0x00007ffbea5d0000 - 0x00007ffbea67e000 	C:\WINDOWS\System32\ADVAPI32.dll
0x00007ffbec270000 - 0x00007ffbec30e000 	C:\WINDOWS\System32\msvcrt.dll
0x00007ffbebe60000 - 0x00007ffbebefc000 	C:\WINDOWS\System32\sechost.dll
0x00007ffbea730000 - 0x00007ffbea855000 	C:\WINDOWS\System32\RPCRT4.dll
0x00007ffbec330000 - 0x00007ffbec4d0000 	C:\WINDOWS\System32\USER32.dll
0x00007ffbe9e60000 - 0x00007ffbe9e82000 	C:\WINDOWS\System32\win32u.dll
0x00007ffbebe30000 - 0x00007ffbebe5a000 	C:\WINDOWS\System32\GDI32.dll
0x00007ffbea320000 - 0x00007ffbea42b000 	C:\WINDOWS\System32\gdi32full.dll
0x00007ffbea430000 - 0x00007ffbea4cd000 	C:\WINDOWS\System32\msvcp_win.dll
0x00007ffbca070000 - 0x00007ffbca08a000 	C:\Program Files\Java\jdk-18.0.1.1\bin\VCRUNTIME140.dll
0x00007ffbdc5e0000 - 0x00007ffbdc87a000 	C:\WINDOWS\WinSxS\amd64_microsoft.windows.common-controls_6595b64144ccf1df_6.0.19041.1110_none_60b5254171f9507e\COMCTL32.dll
0x00007ffbe0f00000 - 0x00007ffbe0f0a000 	C:\WINDOWS\SYSTEM32\VERSION.dll
0x00007ffbea950000 - 0x00007ffbea980000 	C:\WINDOWS\System32\IMM32.DLL
0x00007ffbd9530000 - 0x00007ffbd953c000 	C:\Program Files\Java\jdk-18.0.1.1\bin\vcruntime140_1.dll
0x00007ffbb4240000 - 0x00007ffbb42cd000 	C:\Program Files\Java\jdk-18.0.1.1\bin\msvcp140.dll
0x00007ffb7f6d0000 - 0x00007ffb802e0000 	C:\Program Files\Java\jdk-18.0.1.1\bin\server\jvm.dll
0x00007ffbec260000 - 0x00007ffbec268000 	C:\WINDOWS\System32\PSAPI.DLL
0x00007ffbc9690000 - 0x00007ffbc9699000 	C:\WINDOWS\SYSTEM32\WSOCK32.dll
0x00007ffbea8e0000 - 0x00007ffbea94b000 	C:\WINDOWS\System32\WS2_32.dll
0x00007ffbdc350000 - 0x00007ffbdc377000 	C:\WINDOWS\SYSTEM32\WINMM.dll
0x00007ffbe8520000 - 0x00007ffbe8532000 	C:\WINDOWS\SYSTEM32\kernel.appcore.dll
0x00007ffbc9fe0000 - 0x00007ffbc9fea000 	C:\Program Files\Java\jdk-18.0.1.1\bin\jimage.dll
0x00007ffbe8220000 - 0x00007ffbe8404000 	C:\WINDOWS\SYSTEM32\DBGHELP.DLL
0x00007ffbd8ea0000 - 0x00007ffbd8ecc000 	C:\WINDOWS\SYSTEM32\dbgcore.DLL
0x00007ffbe9f90000 - 0x00007ffbea012000 	C:\WINDOWS\System32\bcryptPrimitives.dll
0x00007ffbc5640000 - 0x00007ffbc5665000 	C:\Program Files\Java\jdk-18.0.1.1\bin\java.dll

dbghelp: loaded successfully - version: 4.0.5 - missing functions: none
symbol engine: initialized successfully - sym options: 0x614 - pdb path: .;C:\Program Files\Java\jdk-18.0.1.1\bin;C:\WINDOWS\SYSTEM32;C:\WINDOWS\WinSxS\amd64_microsoft.windows.common-controls_6595b64144ccf1df_6.0.19041.1110_none_60b5254171f9507e;C:\Program Files\Java\jdk-18.0.1.1\bin\server

VM Arguments:
jvm_args: -Xmx64m -Xms64m -Dorg.gradle.appname=gradlew 
java_command: org.gradle.wrapper.GradleWrapperMain app:installDebug -PreactNativeDevServerPort=8081
java_class_path (initial): C:\Test\WordHunt\android\\gradle\wrapper\gradle-wrapper.jar
Launcher Type: SUN_STANDARD

[Global flags]
     intx CICompilerCount                          = 3                                         {product} {ergonomic}
     uint ConcGCThreads                            = 1                                         {product} {ergonomic}
     uint G1ConcRefinementThreads                  = 4                                         {product} {ergonomic}
   size_t G1HeapRegionSize                         = 1048576                                   {product} {ergonomic}
    uintx GCDrainStackTargetSize                   = 64                                        {product} {ergonomic}
   size_t InitialHeapSize                          = 67108864                                  {product} {command line}
   size_t MarkStackSize                            = 4194304                                   {product} {ergonomic}
   size_t MaxHeapSize                              = 67108864                                  {product} {command line}
   size_t MinHeapDeltaBytes                        = 1048576                                   {product} {ergonomic}
   size_t MinHeapSize                              = 67108864                                  {product} {command line}
    uintx NonNMethodCodeHeapSize                   = 5832780                                {pd product} {ergonomic}
    uintx NonProfiledCodeHeapSize                  = 122912730                              {pd product} {ergonomic}
    uintx ProfiledCodeHeapSize                     = 122912730                              {pd product} {ergonomic}
    uintx ReservedCodeCacheSize                    = 251658240                              {pd product} {ergonomic}
     bool SegmentedCodeCache                       = true                                      {product} {ergonomic}
   size_t SoftMaxHeapSize                          = 67108864                               {manageable} {ergonomic}
     bool UseCompressedClassPointers               = true                           {product lp64_product} {ergonomic}
     bool UseCompressedOops                        = true                           {product lp64_product} {ergonomic}
     bool UseG1GC                                  = true                                      {product} {ergonomic}
     bool UseLargePagesIndividualAllocation        = false                                  {pd product} {ergonomic}

Logging:
Log output configuration:
 #0: stdout all=warning uptime,level,tags foldmultilines=false
 #1: stderr all=off uptime,level,tags foldmultilines=false

Environment Variables:
JAVA_HOME=C:\Program Files\Java\jdk-18.0.1.1
CLASSPATH=C:\Test\WordHunt\android\\gradle\wrapper\gradle-wrapper.jar
PATH=C:\Test\WordHunt\android\node_modules\.bin;C:\Test\WordHunt\node_modules\.bin;C:\Test\node_modules\.bin;C:\node_modules\.bin;C:\Program Files\nodejs;C:\Users\jafon\AppData\Local\Temp\yarn--1657916810230-0.462708155390686;C:\Test\WordHunt\node_modules\.bin;C:\Users\jafon\AppData\Local\Yarn\Data\link\node_modules\.bin;C:\Users\jafon\AppData\Local\Yarn\bin;C:\Program Files\libexec\lib\node_modules\npm\bin\node-gyp-bin;C:\Program Files\lib\node_modules\npm\bin\node-gyp-bin;C:\Program Files\nodejs\node_modules\npm\bin\node-gyp-bin;C:\Program Files\Common Files\Oracle\Java\javapath;C:\Python310\Scripts\;C:\Python310\;C:\WINDOWS\system32;C:\WINDOWS;C:\WINDOWS\System32\Wbem;C:\WINDOWS\System32\WindowsPowerShell\v1.0\;C:\WINDOWS\System32\OpenSSH\;C:\Program Files\nodejs\;C:\Program Files\Java\jdk-18.0.1.1\bin;C:\Users\jafon\AppData\Local\Android\Sdk;C:\Users\jafon\AppData\Local\Android\Sdk\platform-tools;C:\Users\jafon\AppData\Local\Android\Sdk\watchman;C:\Program Files\Git\cmd;C:\Users\jafon\AppData\Local\Microsoft\WindowsApps;;C:\Users\jafon\AppData\Local\Programs\Microsoft VS Code\bin;C:\Users\jafon\AppData\Roaming\npm
USERNAME=jafon
LANG=ru_RU.UTF-8
OS=Windows_NT
PROCESSOR_IDENTIFIER=Intel64 Family 6 Model 78 Stepping 3, GenuineIntel



---------------  S Y S T E M  ---------------

OS:
 Windows 10 , 64 bit Build 19041 (10.0.19041.1741)
OS uptime: 7 days 2:35 hours

CPU: total 4 (initial active 4) (2 cores per cpu, 2 threads per core) family 6 model 78 stepping 3 microcode 0xec, cx8, cmov, fxsr, ht, mmx, 3dnowpref, sse, sse2, sse3, ssse3, sse4.1, sse4.2, popcnt, lzcnt, tsc, tscinvbit, avx, avx2, aes, erms, clmul, bmi1, bmi2, rtm, adx, fma, vzeroupper, clflush, clflushopt

Memory: 4k page, system-wide physical 8073M (404M free)
TotalPageFile size 16073M (AvailPageFile size 0M)
current process WorkingSet (physical memory assigned to process): 9M, peak: 9M
current process commit charge ("private bytes"): 11M, peak: 12M

vm_info: Java HotSpot(TM) 64-Bit Server VM (18.0.1.1+2-6) for windows-amd64 JRE (18.0.1.1+2-6), built on Apr 25 2022 21:53:15 by "mach5one" with MS VC++ 16.8 / 16.9 (VS2019)

END.
